0 info it worked if it ends with ok
1 verbose cli [ '/usr/local/Cellar/node/7.1.0/bin/node',
1 verbose cli   '/usr/local/bin/npm',
1 verbose cli   'run',
1 verbose cli   'serve' ]
2 info using npm@3.10.9
3 info using node@v7.1.0
4 verbose run-script [ 'preserve', 'serve', 'postserve' ]
5 info lifecycle signal-server@0.0.1~preserve: signal-server@0.0.1
6 silly lifecycle signal-server@0.0.1~preserve: no script for preserve, continuing
7 info lifecycle signal-server@0.0.1~serve: signal-server@0.0.1
8 verbose lifecycle signal-server@0.0.1~serve: unsafe-perm in lifecycle true
9 verbose lifecycle signal-server@0.0.1~serve: PATH: /usr/local/lib/node_modules/npm/bin/node-gyp-bin:/Users/Devin/git/hackinghealth/signal-server/node_modules/.bin:/usr/local/Cellar/node/7.1.0/bin:/Users/Devin/.rvm/gems/ruby-2.3.2@hackinghealth/bin:/Users/Devin/.rvm/gems/ruby-2.3.2@global/bin:/Users/Devin/.rvm/rubies/ruby-2.3.2/bin:/Users/Devin/.rvm/bin:/usr/local/heroku/bin:/Library/Internet Plug-Ins/JavaAppletPlugin.plugin/Contents/Home/bin:/usr/local/sbin:/usr/local/bin:/usr/bin:/bin:/usr/sbin:/sbin:/opt/X11/bin:/usr/local/git/bin:/Users/Devin/ownCloud/dotfiles/bin:/usr/local/opt/android-sdk/platform-tools
10 verbose lifecycle signal-server@0.0.1~serve: CWD: /Users/Devin/git/hackinghealth/signal-server
11 silly lifecycle signal-server@0.0.1~serve: Args: [ '-c', 'node index.js' ]
12 silly lifecycle signal-server@0.0.1~serve: Returned: code: 1  signal: null
13 info lifecycle signal-server@0.0.1~serve: Failed to exec serve script
14 verbose stack Error: signal-server@0.0.1 serve: `node index.js`
14 verbose stack Exit status 1
14 verbose stack     at EventEmitter.<anonymous> (/usr/local/lib/node_modules/npm/lib/utils/lifecycle.js:255:16)
14 verbose stack     at emitTwo (events.js:106:13)
14 verbose stack     at EventEmitter.emit (events.js:191:7)
14 verbose stack     at ChildProcess.<anonymous> (/usr/local/lib/node_modules/npm/lib/utils/spawn.js:40:14)
14 verbose stack     at emitTwo (events.js:106:13)
14 verbose stack     at ChildProcess.emit (events.js:191:7)
14 verbose stack     at maybeClose (internal/child_process.js:885:16)
14 verbose stack     at Process.ChildProcess._handle.onexit (internal/child_process.js:226:5)
15 verbose pkgid signal-server@0.0.1
16 verbose cwd /Users/Devin/git/hackinghealth/signal-server
17 error Darwin 14.5.0
18 error argv "/usr/local/Cellar/node/7.1.0/bin/node" "/usr/local/bin/npm" "run" "serve"
19 error node v7.1.0
20 error npm  v3.10.9
21 error code ELIFECYCLE
22 error signal-server@0.0.1 serve: `node index.js`
22 error Exit status 1
23 error Failed at the signal-server@0.0.1 serve script 'node index.js'.
23 error Make sure you have the latest version of node.js and npm installed.
23 error If you do, this is most likely a problem with the signal-server package,
23 error not with npm itself.
23 error Tell the author that this fails on your system:
23 error     node index.js
23 error You can get information on how to open an issue for this project with:
23 error     npm bugs signal-server
23 error Or if that isn't available, you can get their info via:
23 error     npm owner ls signal-server
23 error There is likely additional logging output above.
24 verbose exit [ 1, true ]
